[INFO][2015-10-13 19:50:51,748][org.jeecgframework.codegenerate.generate.CodeGenerate]----jeecg---Code----Generation----[单表模型:person]------- 生成中。。。
[INFO][2015-10-13 19:50:53,439][org.jeecgframework.codegenerate.generate.CodeGenerate]----jeecg----Code----Generation-----[单表模型：person]------ 生成完成。。。
[INFO][2015-10-13 20:36:44,345][org.jeecgframework.codegenerate.generate.CodeGenerate]----jeecg---Code----Generation----[单表模型:person]------- 生成中。。。
[INFO][2015-10-13 20:36:46,139][org.jeecgframework.codegenerate.generate.CodeGenerate]----jeecg----Code----Generation-----[单表模型：person]------ 生成完成。。。
[INFO][2015-10-13 20:42:22,552][org.jeecgframework.codegenerate.generate.CodeGenerate]----jeecg---Code----Generation----[单表模型:person]------- 生成中。。。
[INFO][2015-10-13 20:42:24,054][org.jeecgframework.codegenerate.generate.CodeGenerate]----jeecg----Code----Generation-----[单表模型：person]------ 生成完成。。。
[INFO][2015-10-13 20:55:57,391][org.jeecgframework.codegenerate.generate.CodeGenerate]----jeecg---Code----Generation----[单表模型:person]------- 生成中。。。
[INFO][2015-10-13 20:55:58,882][org.jeecgframework.codegenerate.generate.CodeGenerate]----jeecg----Code----Generation-----[单表模型：person]------ 生成完成。。。
[INFO][2015-10-13 20:58:06,800][org.jeecgframework.codegenerate.generate.CodeGenerate]----jeecg---Code----Generation----[单表模型:person]------- 生成中。。。
[INFO][2015-10-13 20:58:08,377][org.jeecgframework.codegenerate.generate.CodeGenerate]----jeecg----Code----Generation-----[单表模型：person]------ 生成完成。。。
[INFO][2015-10-14 08:29:37,333][org.jeecgframework.codegenerate.generate.CodeGenerate]----jeecg---Code----Generation----[单表模型:person]------- 生成中。。。
[INFO][2015-10-14 08:29:39,335][org.jeecgframework.codegenerate.generate.CodeGenerate]----jeecg----Code----Generation-----[单表模型：person]------ 生成完成。。。
[INFO][2015-10-17 10:14:17,959][org.jeecgframework.codegenerate.generate.onetomany.CodeGenerateOneToMany]----jeecg----Code-----Generation-----[一对多数据模型：person]------- 生成中。。。
[INFO][2015-10-17 10:14:18,069][org.jeecgframework.codegenerate.generate.CodeGenerate]----jeecg---Code----Generation----[单表模型:duty]------- 生成中。。。
[INFO][2015-10-17 10:14:19,864][org.jeecgframework.codegenerate.generate.CodeGenerate]----jeecg----Code----Generation-----[单表模型：duty]------ 生成完成。。。
[INFO][2015-10-17 10:14:21,480][org.jeecgframework.codegenerate.generate.onetomany.CodeGenerateOneToMany]----jeecg----Code----Generation------[一对多数据模型：person]------ 生成完成。。。
[INFO][2015-10-22 18:47:01,937][org.jeecgframework.codegenerate.generate.onetomany.CodeGenerateOneToMany]----jeecg----Code-----Generation-----[一对多数据模型：person]------- 生成中。。。
[INFO][2015-10-22 18:47:01,988][org.jeecgframework.codegenerate.generate.CodeGenerate]----jeecg---Code----Generation----[单表模型:workexperience]------- 生成中。。。
[INFO][2015-10-22 18:47:03,072][org.jeecgframework.codegenerate.generate.CodeGenerate]----jeecg----Code----Generation-----[单表模型：workexperience]------ 生成完成。。。
[INFO][2015-10-22 18:47:04,543][org.jeecgframework.codegenerate.generate.onetomany.CodeGenerateOneToMany]----jeecg----Code----Generation------[一对多数据模型：person]------ 生成完成。。。
[INFO][2015-10-22 19:15:41,430][org.jeecgframework.codegenerate.generate.onetomany.CodeGenerateOneToMany]----jeecg----Code-----Generation-----[一对多数据模型：staff]------- 生成中。。。
[INFO][2015-10-22 19:15:41,466][org.jeecgframework.codegenerate.generate.CodeGenerate]----jeecg---Code----Generation----[单表模型:workexperience]------- 生成中。。。
[INFO][2015-10-22 19:15:42,542][org.jeecgframework.codegenerate.generate.CodeGenerate]----jeecg----Code----Generation-----[单表模型：workexperience]------ 生成完成。。。
[INFO][2015-10-22 19:15:42,542][org.jeecgframework.codegenerate.generate.CodeGenerate]----jeecg---Code----Generation----[单表模型:education]------- 生成中。。。
[INFO][2015-10-22 19:15:42,836][org.jeecgframework.codegenerate.generate.CodeGenerate]----jeecg----Code----Generation-----[单表模型：education]------ 生成完成。。。
[INFO][2015-10-22 19:15:42,837][org.jeecgframework.codegenerate.generate.CodeGenerate]----jeecg---Code----Generation----[单表模型:familymember]------- 生成中。。。
[INFO][2015-10-22 19:15:43,100][org.jeecgframework.codegenerate.generate.CodeGenerate]----jeecg----Code----Generation-----[单表模型：familymember]------ 生成完成。。。
[INFO][2015-10-22 19:15:45,132][org.jeecgframework.codegenerate.generate.onetomany.CodeGenerateOneToMany]----jeecg----Code----Generation------[一对多数据模型：staff]------ 生成完成。。。
[INFO][2015-10-22 19:21:48,411][org.jeecgframework.codegenerate.generate.onetomany.CodeGenerateOneToMany]----jeecg----Code-----Generation-----[一对多数据模型：staff]------- 生成中。。。
[INFO][2015-10-22 19:21:48,447][org.jeecgframework.codegenerate.generate.CodeGenerate]----jeecg---Code----Generation----[单表模型:workexperience]------- 生成中。。。
[INFO][2015-10-22 19:21:49,552][org.jeecgframework.codegenerate.generate.CodeGenerate]----jeecg----Code----Generation-----[单表模型：workexperience]------ 生成完成。。。
[INFO][2015-10-22 19:21:49,552][org.jeecgframework.codegenerate.generate.CodeGenerate]----jeecg---Code----Generation----[单表模型:education]------- 生成中。。。
[INFO][2015-10-22 19:21:49,842][org.jeecgframework.codegenerate.generate.CodeGenerate]----jeecg----Code----Generation-----[单表模型：education]------ 生成完成。。。
[INFO][2015-10-22 19:21:49,842][org.jeecgframework.codegenerate.generate.CodeGenerate]----jeecg---Code----Generation----[单表模型:education]------- 生成中。。。
[INFO][2015-10-22 19:21:50,098][org.jeecgframework.codegenerate.generate.CodeGenerate]----jeecg----Code----Generation-----[单表模型：education]------ 生成完成。。。
[INFO][2015-10-22 19:21:52,096][org.jeecgframework.codegenerate.generate.onetomany.CodeGenerateOneToMany]----jeecg----Code----Generation------[一对多数据模型：staff]------ 生成完成。。。
[INFO][2015-10-22 19:34:27,633][org.jeecgframework.codegenerate.generate.onetomany.CodeGenerateOneToMany]----jeecg----Code-----Generation-----[一对多数据模型：staff]------- 生成中。。。
[INFO][2015-10-22 19:34:27,677][org.jeecgframework.codegenerate.generate.CodeGenerate]----jeecg---Code----Generation----[单表模型:workexperience]------- 生成中。。。
[INFO][2015-10-22 19:34:28,727][org.jeecgframework.codegenerate.generate.CodeGenerate]----jeecg----Code----Generation-----[单表模型：workexperience]------ 生成完成。。。
[INFO][2015-10-22 19:34:28,727][org.jeecgframework.codegenerate.generate.CodeGenerate]----jeecg---Code----Generation----[单表模型:education]------- 生成中。。。
[INFO][2015-10-22 19:34:29,007][org.jeecgframework.codegenerate.generate.CodeGenerate]----jeecg----Code----Generation-----[单表模型：education]------ 生成完成。。。
[INFO][2015-10-22 19:36:58,674][org.jeecgframework.codegenerate.generate.onetomany.CodeGenerateOneToMany]----jeecg----Code-----Generation-----[一对多数据模型：staff]------- 生成中。。。
[INFO][2015-10-22 19:36:58,708][org.jeecgframework.codegenerate.generate.CodeGenerate]----jeecg---Code----Generation----[单表模型:workexperience]------- 生成中。。。
[INFO][2015-10-22 19:36:59,768][org.jeecgframework.codegenerate.generate.CodeGenerate]----jeecg----Code----Generation-----[单表模型：workexperience]------ 生成完成。。。
[INFO][2015-10-22 19:36:59,768][org.jeecgframework.codegenerate.generate.CodeGenerate]----jeecg---Code----Generation----[单表模型:education]------- 生成中。。。
[INFO][2015-10-22 19:37:00,058][org.jeecgframework.codegenerate.generate.CodeGenerate]----jeecg----Code----Generation-----[单表模型：education]------ 生成完成。。。
[INFO][2015-10-22 19:42:38,569][org.jeecgframework.codegenerate.generate.onetomany.CodeGenerateOneToMany]----jeecg----Code-----Generation-----[一对多数据模型：staff]------- 生成中。。。
[INFO][2015-10-22 19:42:38,603][org.jeecgframework.codegenerate.generate.CodeGenerate]----jeecg---Code----Generation----[单表模型:workexperience]------- 生成中。。。
[INFO][2015-10-22 19:42:39,644][org.jeecgframework.codegenerate.generate.CodeGenerate]----jeecg----Code----Generation-----[单表模型：workexperience]------ 生成完成。。。
[INFO][2015-10-22 19:42:39,644][org.jeecgframework.codegenerate.generate.CodeGenerate]----jeecg---Code----Generation----[单表模型:education]------- 生成中。。。
[INFO][2015-10-22 19:42:39,944][org.jeecgframework.codegenerate.generate.CodeGenerate]----jeecg----Code----Generation-----[单表模型：education]------ 生成完成。。。
[INFO][2015-10-22 19:42:39,945][org.jeecgframework.codegenerate.generate.CodeGenerate]----jeecg---Code----Generation----[单表模型:familymember]------- 生成中。。。
[INFO][2015-10-22 19:42:40,199][org.jeecgframework.codegenerate.generate.CodeGenerate]----jeecg----Code----Generation-----[单表模型：familymember]------ 生成完成。。。
[INFO][2015-10-22 19:42:42,295][org.jeecgframework.codegenerate.generate.onetomany.CodeGenerateOneToMany]----jeecg----Code----Generation------[一对多数据模型：staff]------ 生成完成。。。
[INFO][2015-10-23 10:16:42,682][org.jeecgframework.codegenerate.generate.onetomany.CodeGenerateOneToMany]----jeecg----Code-----Generation-----[一对多数据模型：staff]------- 生成中。。。
[INFO][2015-10-23 10:16:42,724][org.jeecgframework.codegenerate.generate.CodeGenerate]----jeecg---Code----Generation----[单表模型:workexperience]------- 生成中。。。
[INFO][2015-10-23 10:16:44,063][org.jeecgframework.codegenerate.generate.CodeGenerate]----jeecg----Code----Generation-----[单表模型：workexperience]------ 生成完成。。。
[INFO][2015-10-23 10:16:44,064][org.jeecgframework.codegenerate.generate.CodeGenerate]----jeecg---Code----Generation----[单表模型:education]------- 生成中。。。
[INFO][2015-10-23 10:16:44,353][org.jeecgframework.codegenerate.generate.CodeGenerate]----jeecg----Code----Generation-----[单表模型：education]------ 生成完成。。。
[INFO][2015-10-23 10:16:44,353][org.jeecgframework.codegenerate.generate.CodeGenerate]----jeecg---Code----Generation----[单表模型:familymember]------- 生成中。。。
[INFO][2015-10-23 10:16:44,607][org.jeecgframework.codegenerate.generate.CodeGenerate]----jeecg----Code----Generation-----[单表模型：familymember]------ 生成完成。。。
[INFO][2015-10-23 10:16:44,607][org.jeecgframework.codegenerate.generate.CodeGenerate]----jeecg---Code----Generation----[单表模型:department]------- 生成中。。。
[INFO][2015-10-23 10:16:44,865][org.jeecgframework.codegenerate.generate.CodeGenerate]----jeecg----Code----Generation-----[单表模型：department]------ 生成完成。。。
[INFO][2015-10-23 10:16:47,264][org.jeecgframework.codegenerate.generate.onetomany.CodeGenerateOneToMany]----jeecg----Code----Generation------[一对多数据模型：staff]------ 生成完成。。。
[INFO][2015-10-24 09:37:42,078][org.jeecgframework.codegenerate.generate.CodeGenerate]----jeecg---Code----Generation----[单表模型:disciplemember]------- 生成中。。。
[INFO][2015-10-24 09:37:43,897][org.jeecgframework.codegenerate.generate.CodeGenerate]----jeecg----Code----Generation-----[单表模型：disciplemember]------ 生成完成。。。
[INFO][2015-10-24 10:33:21,081][org.jeecgframework.codegenerate.generate.CodeGenerate]----jeecg---Code----Generation----[单表模型:pravrajanamember]------- 生成中。。。
[INFO][2015-10-24 10:33:23,708][org.jeecgframework.codegenerate.generate.CodeGenerate]----jeecg----Code----Generation-----[单表模型：pravrajanamember]------ 生成完成。。。
[INFO][2015-10-27 10:11:44,242][org.jeecgframework.codegenerate.generate.CodeGenerate]----jeecg---Code----Generation----[单表模型:registrationcar]------- 生成中。。。
[INFO][2015-10-27 10:11:46,117][org.jeecgframework.codegenerate.generate.CodeGenerate]----jeecg----Code----Generation-----[单表模型：registrationcar]------ 生成完成。。。
[INFO][2015-10-27 19:45:15,971][org.jeecgframework.codegenerate.generate.CodeGenerate]----jeecg---Code----Generation----[单表模型:volunteer]------- 生成中。。。
[INFO][2015-10-27 19:45:17,849][org.jeecgframework.codegenerate.generate.CodeGenerate]----jeecg----Code----Generation-----[单表模型：volunteer]------ 生成完成。。。
[INFO][2015-10-30 09:13:47,912][org.jeecgframework.codegenerate.generate.onetomany.CodeGenerateOneToMany]----jeecg----Code-----Generation-----[一对多数据模型：volunteer]------- 生成中。。。
[INFO][2015-10-30 09:13:47,978][org.jeecgframework.codegenerate.generate.CodeGenerate]----jeecg---Code----Generation----[单表模型:volunteerevent]------- 生成中。。。
[INFO][2015-10-30 09:13:49,308][org.jeecgframework.codegenerate.generate.CodeGenerate]----jeecg----Code----Generation-----[单表模型：volunteerevent]------ 生成完成。。。
[INFO][2015-10-30 09:13:50,860][org.jeecgframework.codegenerate.generate.onetomany.CodeGenerateOneToMany]----jeecg----Code----Generation------[一对多数据模型：volunteer]------ 生成完成。。。
[INFO][2015-10-30 15:09:12,552][org.jeecgframework.codegenerate.generate.onetomany.CodeGenerateOneToMany]----jeecg----Code-----Generation-----[一对多数据模型：volunteer]------- 生成中。。。
[INFO][2015-10-30 15:09:12,619][org.jeecgframework.codegenerate.generate.CodeGenerate]----jeecg---Code----Generation----[单表模型:volunteerevent]------- 生成中。。。
[INFO][2015-10-30 15:09:13,894][org.jeecgframework.codegenerate.generate.CodeGenerate]----jeecg----Code----Generation-----[单表模型：volunteerevent]------ 生成完成。。。
[INFO][2015-10-30 15:09:15,299][org.jeecgframework.codegenerate.generate.onetomany.CodeGenerateOneToMany]----jeecg----Code----Generation------[一对多数据模型：volunteer]------ 生成完成。。。
[INFO][2015-10-30 15:09:56,229][org.jeecgframework.codegenerate.generate.onetomany.CodeGenerateOneToMany]----jeecg----Code-----Generation-----[一对多数据模型：event]------- 生成中。。。
[INFO][2015-10-30 15:09:56,262][org.jeecgframework.codegenerate.generate.CodeGenerate]----jeecg---Code----Generation----[单表模型:volunteerevent]------- 生成中。。。
[INFO][2015-10-30 15:09:57,304][org.jeecgframework.codegenerate.generate.CodeGenerate]----jeecg----Code----Generation-----[单表模型：volunteerevent]------ 生成完成。。。
[INFO][2015-10-30 15:09:58,603][org.jeecgframework.codegenerate.generate.onetomany.CodeGenerateOneToMany]----jeecg----Code----Generation------[一对多数据模型：event]------ 生成完成。。。
[INFO][2015-11-12 09:50:41,704][org.jeecgframework.codegenerate.generate.CodeGenerate]----jeecg---Code----Generation----[单表模型:depart]------- 生成中。。。
[INFO][2015-11-12 09:50:43,265][org.jeecgframework.codegenerate.generate.CodeGenerate]----jeecg----Code----Generation-----[单表模型：depart]------ 生成完成。。。
[INFO][2015-11-25 15:04:45,442][org.jeecgframework.codegenerate.generate.onetomany.CodeGenerateOneToMany]----jeecg----Code-----Generation-----[一对多数据模型：doritualinfo]------- 生成中。。。
[INFO][2015-11-25 15:04:45,501][org.jeecgframework.codegenerate.generate.CodeGenerate]----jeecg---Code----Generation----[单表模型:livingmenber]------- 生成中。。。
[INFO][2015-11-25 15:15:51,984][org.jeecgframework.codegenerate.generate.onetomany.CodeGenerateOneToMany]----jeecg----Code-----Generation-----[一对多数据模型：doritualinfo]------- 生成中。。。
[INFO][2015-11-25 15:15:52,021][org.jeecgframework.codegenerate.generate.CodeGenerate]----jeecg---Code----Generation----[单表模型:livingmenber]------- 生成中。。。
[INFO][2015-11-25 15:15:53,269][org.jeecgframework.codegenerate.generate.CodeGenerate]----jeecg----Code----Generation-----[单表模型：livingmenber]------ 生成完成。。。
[INFO][2015-11-25 15:15:53,269][org.jeecgframework.codegenerate.generate.CodeGenerate]----jeecg---Code----Generation----[单表模型:ancestor]------- 生成中。。。
[INFO][2015-11-25 15:15:53,560][org.jeecgframework.codegenerate.generate.CodeGenerate]----jeecg----Code----Generation-----[单表模型：ancestor]------ 生成完成。。。
[INFO][2015-11-25 15:15:55,550][org.jeecgframework.codegenerate.generate.onetomany.CodeGenerateOneToMany]----jeecg----Code----Generation------[一对多数据模型：doritualinfo]------ 生成完成。。。
[INFO][2015-11-25 15:48:59,810][org.jeecgframework.codegenerate.generate.onetomany.CodeGenerateOneToMany]----jeecg----Code-----Generation-----[一对多数据模型：doritualinfo]------- 生成中。。。
[INFO][2015-11-25 15:48:59,898][org.jeecgframework.codegenerate.generate.CodeGenerate]----jeecg---Code----Generation----[单表模型:livingmenber]------- 生成中。。。
[INFO][2015-11-25 15:49:01,018][org.jeecgframework.codegenerate.generate.CodeGenerate]----jeecg----Code----Generation-----[单表模型：livingmenber]------ 生成完成。。。
[INFO][2015-11-25 15:49:01,018][org.jeecgframework.codegenerate.generate.CodeGenerate]----jeecg---Code----Generation----[单表模型:ancestor]------- 生成中。。。
[INFO][2015-11-25 15:49:01,343][org.jeecgframework.codegenerate.generate.CodeGenerate]----jeecg----Code----Generation-----[单表模型：ancestor]------ 生成完成。。。
[INFO][2015-11-25 15:49:03,184][org.jeecgframework.codegenerate.generate.onetomany.CodeGenerateOneToMany]----jeecg----Code----Generation------[一对多数据模型：doritualinfo]------ 生成完成。。。
[INFO][2015-11-25 16:24:26,209][org.jeecgframework.codegenerate.generate.CodeGenerate]----jeecg---Code----Generation----[单表模型:pharmacistBirth]------- 生成中。。。
[INFO][2015-11-25 16:24:28,107][org.jeecgframework.codegenerate.generate.CodeGenerate]----jeecg----Code----Generation-----[单表模型：pharmacistBirth]------ 生成完成。。。
[INFO][2015-11-25 16:27:07,739][org.jeecgframework.codegenerate.generate.CodeGenerate]----jeecg---Code----Generation----[单表模型:pharmacistBirth]------- 生成中。。。
[INFO][2015-11-25 16:27:09,620][org.jeecgframework.codegenerate.generate.CodeGenerate]----jeecg----Code----Generation-----[单表模型：pharmacistBirth]------ 生成完成。。。
[INFO][2015-11-25 16:31:19,388][org.jeecgframework.codegenerate.generate.CodeGenerate]----jeecg---Code----Generation----[单表模型:pharmacistbirth]------- 生成中。。。
[INFO][2015-11-25 16:31:21,016][org.jeecgframework.codegenerate.generate.CodeGenerate]----jeecg----Code----Generation-----[单表模型：pharmacistbirth]------ 生成完成。。。
[INFO][2015-12-04 15:15:10,944][org.jeecgframework.codegenerate.generate.CodeGenerate]----jeecg---Code----Generation----[单表模型:receipt]------- 生成中。。。
[INFO][2015-12-04 15:15:13,222][org.jeecgframework.codegenerate.generate.CodeGenerate]----jeecg----Code----Generation-----[单表模型：receipt]------ 生成完成。。。
[INFO][2015-12-04 15:18:30,126][org.jeecgframework.codegenerate.generate.CodeGenerate]----jeecg---Code----Generation----[单表模型:receipt]------- 生成中。。。
[INFO][2015-12-04 15:18:31,869][org.jeecgframework.codegenerate.generate.CodeGenerate]----jeecg----Code----Generation-----[单表模型：receipt]------ 生成完成。。。
[INFO][2015-12-28 19:37:12,752][org.jeecgframework.codegenerate.generate.CodeGenerate]----jeecg---Code----Generation----[单表模型:car]------- 生成中。。。
[INFO][2015-12-28 19:37:14,829][org.jeecgframework.codegenerate.generate.CodeGenerate]----jeecg----Code----Generation-----[单表模型：car]------ 生成完成。。。
[INFO][2015-12-29 15:09:41,316][org.jeecgframework.codegenerate.generate.CodeGenerate]----jeecg---Code----Generation----[单表模型:room]------- 生成中。。。
[INFO][2015-12-29 15:09:47,615][org.jeecgframework.codegenerate.generate.CodeGenerate]----jeecg----Code----Generation-----[单表模型：room]------ 生成完成。。。
[INFO][2015-12-29 15:10:13,252][org.jeecgframework.codegenerate.generate.CodeGenerate]----jeecg---Code----Generation----[单表模型:registrationroom]------- 生成中。。。
[INFO][2015-12-29 15:10:14,305][org.jeecgframework.codegenerate.generate.CodeGenerate]----jeecg----Code----Generation-----[单表模型：registrationroom]------ 生成完成。。。
[INFO][2015-12-29 15:16:36,117][org.jeecgframework.codegenerate.generate.CodeGenerate]----jeecg---Code----Generation----[单表模型:registrationroom]------- 生成中。。。
[INFO][2015-12-29 15:16:37,601][org.jeecgframework.codegenerate.generate.CodeGenerate]----jeecg----Code----Generation-----[单表模型：registrationroom]------ 生成完成。。。
[INFO][2015-12-29 19:20:52,603][org.jeecgframework.codegenerate.generate.CodeGenerate]----jeecg---Code----Generation----[单表模型:registrationroom]------- 生成中。。。
[INFO][2015-12-29 19:20:54,167][org.jeecgframework.codegenerate.generate.CodeGenerate]----jeecg----Code----Generation-----[单表模型：registrationroom]------ 生成完成。。。
[INFO][2016-01-04 10:17:02,653][org.jeecgframework.codegenerate.generate.onetomany.CodeGenerateOneToMany]----jeecg----Code-----Generation-----[一对多数据模型：memorial_tablet]------- 生成中。。。
[INFO][2016-01-04 10:17:02,737][org.jeecgframework.codegenerate.generate.CodeGenerate]----jeecg---Code----Generation----[单表模型:namelist]------- 生成中。。。
[INFO][2016-01-04 10:17:05,016][org.jeecgframework.codegenerate.generate.CodeGenerate]----jeecg----Code----Generation-----[单表模型：namelist]------ 生成完成。。。
[INFO][2016-01-04 10:17:05,016][org.jeecgframework.codegenerate.generate.CodeGenerate]----jeecg---Code----Generation----[单表模型:linkmanlist]------- 生成中。。。
[INFO][2016-01-04 10:17:05,362][org.jeecgframework.codegenerate.generate.CodeGenerate]----jeecg----Code----Generation-----[单表模型：linkmanlist]------ 生成完成。。。
[INFO][2016-01-04 10:17:07,282][org.jeecgframework.codegenerate.generate.onetomany.CodeGenerateOneToMany]----jeecg----Code----Generation------[一对多数据模型：memorial_tablet]------ 生成完成。。。
[INFO][2016-01-04 14:48:06,613][org.jeecgframework.codegenerate.generate.onetomany.CodeGenerateOneToMany]----jeecg----Code-----Generation-----[一对多数据模型：memorial_tablet]------- 生成中。。。
[INFO][2016-01-04 14:48:06,676][org.jeecgframework.codegenerate.generate.CodeGenerate]----jeecg---Code----Generation----[单表模型:namelist]------- 生成中。。。
[INFO][2016-01-04 14:48:08,177][org.jeecgframework.codegenerate.generate.CodeGenerate]----jeecg----Code----Generation-----[单表模型：namelist]------ 生成完成。。。
[INFO][2016-01-04 14:48:08,177][org.jeecgframework.codegenerate.generate.CodeGenerate]----jeecg---Code----Generation----[单表模型:linkmanlist]------- 生成中。。。
[INFO][2016-01-04 14:48:08,547][org.jeecgframework.codegenerate.generate.CodeGenerate]----jeecg----Code----Generation-----[单表模型：linkmanlist]------ 生成完成。。。
[INFO][2016-01-04 14:51:36,251][org.jeecgframework.codegenerate.generate.onetomany.CodeGenerateOneToMany]----jeecg----Code-----Generation-----[一对多数据模型：memorial_tablet]------- 生成中。。。
[INFO][2016-01-04 14:51:36,324][org.jeecgframework.codegenerate.generate.CodeGenerate]----jeecg---Code----Generation----[单表模型:namelist]------- 生成中。。。
[INFO][2016-01-04 14:51:37,972][org.jeecgframework.codegenerate.generate.CodeGenerate]----jeecg----Code----Generation-----[单表模型：namelist]------ 生成完成。。。
[INFO][2016-01-04 14:51:37,973][org.jeecgframework.codegenerate.generate.CodeGenerate]----jeecg---Code----Generation----[单表模型:linkmanlist]------- 生成中。。。
[INFO][2016-01-04 14:51:38,433][org.jeecgframework.codegenerate.generate.CodeGenerate]----jeecg----Code----Generation-----[单表模型：linkmanlist]------ 生成完成。。。
[INFO][2016-01-04 14:59:55,956][org.jeecgframework.codegenerate.generate.onetomany.CodeGenerateOneToMany]----jeecg----Code-----Generation-----[一对多数据模型：memorial_tablet]------- 生成中。。。
[INFO][2016-01-04 14:59:56,034][org.jeecgframework.codegenerate.generate.CodeGenerate]----jeecg---Code----Generation----[单表模型:namelist]------- 生成中。。。
[INFO][2016-01-04 14:59:57,392][org.jeecgframework.codegenerate.generate.CodeGenerate]----jeecg----Code----Generation-----[单表模型：namelist]------ 生成完成。。。
[INFO][2016-01-04 14:59:57,393][org.jeecgframework.codegenerate.generate.CodeGenerate]----jeecg---Code----Generation----[单表模型:linkmanlist]------- 生成中。。。
[INFO][2016-01-04 14:59:57,756][org.jeecgframework.codegenerate.generate.CodeGenerate]----jeecg----Code----Generation-----[单表模型：linkmanlist]------ 生成完成。。。
[INFO][2016-01-04 14:59:59,942][org.jeecgframework.codegenerate.generate.onetomany.CodeGenerateOneToMany]----jeecg----Code----Generation------[一对多数据模型：memorial_tablet]------ 生成完成。。。
[INFO][2016-01-04 15:08:38,122][org.jeecgframework.codegenerate.generate.onetomany.CodeGenerateOneToMany]----jeecg----Code-----Generation-----[一对多数据模型：memorial_tablet]------- 生成中。。。
[INFO][2016-01-04 15:08:38,169][org.jeecgframework.codegenerate.generate.CodeGenerate]----jeecg---Code----Generation----[单表模型:namelist]------- 生成中。。。
[INFO][2016-01-04 15:08:39,551][org.jeecgframework.codegenerate.generate.CodeGenerate]----jeecg----Code----Generation-----[单表模型：namelist]------ 生成完成。。。
[INFO][2016-01-04 15:08:39,551][org.jeecgframework.codegenerate.generate.CodeGenerate]----jeecg---Code----Generation----[单表模型:linkmanlist]------- 生成中。。。
[INFO][2016-01-04 15:08:39,901][org.jeecgframework.codegenerate.generate.CodeGenerate]----jeecg----Code----Generation-----[单表模型：linkmanlist]------ 生成完成。。。
[INFO][2016-01-04 15:08:41,913][org.jeecgframework.codegenerate.generate.onetomany.CodeGenerateOneToMany]----jeecg----Code----Generation------[一对多数据模型：memorial_tablet]------ 生成完成。。。
[INFO][2016-01-13 15:53:47,043][org.jeecgframework.codegenerate.generate.CodeGenerate]----jeecg---Code----Generation----[单表模型:memorialinfo_view]------- 生成中。。。
[INFO][2016-01-13 15:53:50,004][org.jeecgframework.codegenerate.generate.CodeGenerate]----jeecg----Code----Generation-----[单表模型：memorialinfo_view]------ 生成完成。。。
[INFO][2016-01-13 16:06:14,209][org.jeecgframework.codegenerate.generate.CodeGenerate]----jeecg---Code----Generation----[单表模型:memorialinfo_view]------- 生成中。。。
[INFO][2016-01-13 16:06:15,857][org.jeecgframework.codegenerate.generate.CodeGenerate]----jeecg----Code----Generation-----[单表模型：memorialinfo_view]------ 生成完成。。。
[INFO][2016-01-14 08:56:24,176][org.jeecgframework.codegenerate.generate.CodeGenerate]----jeecg---Code----Generation----[单表模型:memorialinfo_view]------- 生成中。。。
[INFO][2016-01-14 08:56:26,107][org.jeecgframework.codegenerate.generate.CodeGenerate]----jeecg----Code----Generation-----[单表模型：memorialinfo_view]------ 生成完成。。。
[INFO][2016-01-14 15:09:16,217][org.jeecgframework.codegenerate.generate.CodeGenerate]----jeecg---Code----Generation----[单表模型:reserveroom]------- 生成中。。。
[INFO][2016-01-14 15:09:17,976][org.jeecgframework.codegenerate.generate.CodeGenerate]----jeecg----Code----Generation-----[单表模型：reserveroom]------ 生成完成。。。
[INFO][2016-03-02 20:34:59,483][org.jeecgframework.codegenerate.generate.CodeGenerate]----jeecg---Code----Generation----[单表模型:buddhabirth]------- 生成中。。。
[INFO][2016-03-02 20:35:01,159][org.jeecgframework.codegenerate.generate.CodeGenerate]----jeecg----Code----Generation-----[单表模型：buddhabirth]------ 生成完成。。。
[INFO][2016-03-02 21:30:17,290][org.jeecgframework.codegenerate.generate.CodeGenerate]----jeecg---Code----Generation----[单表模型:guanyinopen]------- 生成中。。。
[INFO][2016-03-02 21:30:18,923][org.jeecgframework.codegenerate.generate.CodeGenerate]----jeecg----Code----Generation-----[单表模型：guanyinopen]------ 生成完成。。。
[INFO][2016-03-02 22:35:24,221][org.jeecgframework.codegenerate.generate.CodeGenerate]----jeecg---Code----Generation----[单表模型:goddessbirth]------- 生成中。。。
[INFO][2016-03-02 22:35:25,721][org.jeecgframework.codegenerate.generate.CodeGenerate]----jeecg----Code----Generation-----[单表模型：goddessbirth]------ 生成完成。。。
[INFO][2016-03-03 08:30:26,841][org.jeecgframework.codegenerate.generate.CodeGenerate]----jeecg---Code----Generation----[单表模型:honoredbirth]------- 生成中。。。
[INFO][2016-03-03 08:30:28,515][org.jeecgframework.codegenerate.generate.CodeGenerate]----jeecg----Code----Generation-----[单表模型：honoredbirth]------ 生成完成。。。
[INFO][2016-03-03 08:51:08,780][org.jeecgframework.codegenerate.generate.CodeGenerate]----jeecg---Code----Generation----[单表模型:guanyingaya]------- 生成中。。。
[INFO][2016-03-03 08:51:10,502][org.jeecgframework.codegenerate.generate.CodeGenerate]----jeecg----Code----Generation-----[单表模型：guanyingaya]------ 生成完成。。。
[INFO][2016-03-03 09:09:49,696][org.jeecgframework.codegenerate.generate.CodeGenerate]----jeecg---Code----Generation----[单表模型:guanyinmonk]------- 生成中。。。
[INFO][2016-03-03 09:09:51,162][org.jeecgframework.codegenerate.generate.CodeGenerate]----jeecg----Code----Generation-----[单表模型：guanyinmonk]------ 生成完成。。。
[INFO][2016-03-03 09:34:36,695][org.jeecgframework.codegenerate.generate.CodeGenerate]----jeecg---Code----Generation----[单表模型:buddhagaya]------- 生成中。。。
[INFO][2016-03-03 09:34:38,203][org.jeecgframework.codegenerate.generate.CodeGenerate]----jeecg----Code----Generation-----[单表模型：buddhagaya]------ 生成完成。。。
[INFO][2016-03-03 10:05:49,187][org.jeecgframework.codegenerate.generate.CodeGenerate]----jeecg---Code----Generation----[单表模型:tombsweepfes]------- 生成中。。。
[INFO][2016-03-03 10:05:50,698][org.jeecgframework.codegenerate.generate.CodeGenerate]----jeecg----Code----Generation-----[单表模型：tombsweepfes]------ 生成完成。。。
[INFO][2016-03-03 10:29:46,239][org.jeecgframework.codegenerate.generate.CodeGenerate]----jeecg---Code----Generation----[单表模型:ghostfes]------- 生成中。。。
[INFO][2016-03-03 10:29:48,533][org.jeecgframework.codegenerate.generate.CodeGenerate]----jeecg----Code----Generation-----[单表模型：ghostfes]------ 生成完成。。。
[INFO][2016-03-03 11:09:05,353][org.jeecgframework.codegenerate.generate.CodeGenerate]----jeecg---Code----Generation----[单表模型:jizobirth]------- 生成中。。。
[INFO][2016-03-03 11:09:06,878][org.jeecgframework.codegenerate.generate.CodeGenerate]----jeecg----Code----Generation-----[单表模型：jizobirth]------ 生成完成。。。
[INFO][2016-03-03 11:54:50,268][org.jeecgframework.codegenerate.generate.CodeGenerate]----jeecg---Code----Generation----[单表模型:amitabhabirth]------- 生成中。。。
[INFO][2016-03-03 11:54:51,763][org.jeecgframework.codegenerate.generate.CodeGenerate]----jeecg----Code----Generation-----[单表模型：amitabhabirth]------ 生成完成。。。
[INFO][2016-03-12 20:53:44,456][org.jeecgframework.codegenerate.generate.CodeGenerate]----jeecg---Code----Generation----[单表模型:tmp_table]------- 生成中。。。
[INFO][2016-03-12 20:53:45,695][org.jeecgframework.codegenerate.generate.CodeGenerate]----jeecg----Code----Generation-----[单表模型：tmp_table]------ 生成完成。。。
[INFO][2016-03-14 08:48:29,289][org.jeecgframework.codegenerate.generate.CodeGenerate]----jeecg---Code----Generation----[单表模型:tmp_stat]------- 生成中。。。
[INFO][2016-03-14 08:48:30,450][org.jeecgframework.codegenerate.generate.CodeGenerate]----jeecg----Code----Generation-----[单表模型：tmp_stat]------ 生成完成。。。
[INFO][2016-03-21 09:58:19,138][org.jeecgframework.codegenerate.generate.CodeGenerate]----jeecg---Code----Generation----[单表模型:movein_moveout]------- 生成中。。。
[INFO][2016-03-21 09:58:20,842][org.jeecgframework.codegenerate.generate.CodeGenerate]----jeecg----Code----Generation-----[单表模型：movein_moveout]------ 生成完成。。。
[INFO][2016-03-21 10:01:58,224][org.jeecgframework.codegenerate.generate.CodeGenerate]----jeecg---Code----Generation----[单表模型:movein_moveout]------- 生成中。。。
[INFO][2016-03-21 10:01:59,714][org.jeecgframework.codegenerate.generate.CodeGenerate]----jeecg----Code----Generation-----[单表模型：movein_moveout]------ 生成完成。。。
[INFO][2016-03-21 10:04:00,561][org.jeecgframework.codegenerate.generate.CodeGenerate]----jeecg---Code----Generation----[单表模型:memorialinfo_view]------- 生成中。。。
[INFO][2016-03-21 10:04:01,213][org.jeecgframework.codegenerate.generate.CodeGenerate]----jeecg----Code----Generation-----[单表模型：memorialinfo_view]------ 生成完成。。。
[INFO][2016-08-14 15:20:14,093][org.jeecgframework.codegenerate.generate.CodeGenerate]----jeecg---Code----Generation----[单表模型:diamondsutra]------- 生成中。。。
[INFO][2016-08-14 15:20:15,802][org.jeecgframework.codegenerate.generate.CodeGenerate]----jeecg----Code----Generation-----[单表模型：diamondsutra]------ 生成完成。。。
[INFO][2016-08-15 15:44:44,909][org.quartz.simpl.SimpleThreadPool]Job execution threads will use class loader of thread: main
[INFO][2016-08-15 15:44:44,944][org.quartz.core.SchedulerSignalerImpl]Initialized Scheduler Signaller of type: class org.quartz.core.SchedulerSignalerImpl
[INFO][2016-08-15 15:44:44,944][org.quartz.core.QuartzScheduler]Quartz Scheduler v.1.6.2 created.
[INFO][2016-08-15 15:44:44,947][org.quartz.simpl.RAMJobStore]RAMJobStore initialized.
[INFO][2016-08-15 15:44:44,948][org.quartz.impl.StdSchedulerFactory]Quartz scheduler 'DefaultQuartzScheduler' initialized from default resource file in Quartz package: 'quartz.properties'
[INFO][2016-08-15 15:44:44,948][org.quartz.impl.StdSchedulerFactory]Quartz scheduler version: 1.6.2
[INFO][2016-08-15 15:44:44,976][org.quartz.core.QuartzScheduler]Scheduler DefaultQuartzScheduler_$_NON_CLUSTERED started.
[INFO][2016-08-15 23:15:40,082][org.quartz.simpl.SimpleThreadPool]Job execution threads will use class loader of thread: main
[INFO][2016-08-15 23:15:40,111][org.quartz.core.SchedulerSignalerImpl]Initialized Scheduler Signaller of type: class org.quartz.core.SchedulerSignalerImpl
[INFO][2016-08-15 23:15:40,111][org.quartz.core.QuartzScheduler]Quartz Scheduler v.1.6.2 created.
[INFO][2016-08-15 23:15:40,113][org.quartz.simpl.RAMJobStore]RAMJobStore initialized.
[INFO][2016-08-15 23:15:40,114][org.quartz.impl.StdSchedulerFactory]Quartz scheduler 'DefaultQuartzScheduler' initialized from default resource file in Quartz package: 'quartz.properties'
[INFO][2016-08-15 23:15:40,114][org.quartz.impl.StdSchedulerFactory]Quartz scheduler version: 1.6.2
[INFO][2016-08-15 23:15:40,206][org.quartz.core.QuartzScheduler]Scheduler DefaultQuartzScheduler_$_NON_CLUSTERED started.
[INFO][2016-08-15 23:18:21,914][org.quartz.simpl.SimpleThreadPool]Job execution threads will use class loader of thread: main
[INFO][2016-08-15 23:18:21,945][org.quartz.core.SchedulerSignalerImpl]Initialized Scheduler Signaller of type: class org.quartz.core.SchedulerSignalerImpl
[INFO][2016-08-15 23:18:21,945][org.quartz.core.QuartzScheduler]Quartz Scheduler v.1.6.2 created.
[INFO][2016-08-15 23:18:21,947][org.quartz.simpl.RAMJobStore]RAMJobStore initialized.
[INFO][2016-08-15 23:18:21,948][org.quartz.impl.StdSchedulerFactory]Quartz scheduler 'DefaultQuartzScheduler' initialized from default resource file in Quartz package: 'quartz.properties'
[INFO][2016-08-15 23:18:21,948][org.quartz.impl.StdSchedulerFactory]Quartz scheduler version: 1.6.2
[INFO][2016-08-15 23:18:21,986][org.quartz.core.QuartzScheduler]Scheduler DefaultQuartzScheduler_$_NON_CLUSTERED started.
[ERROR][2016-08-15 23:20:00,029][org.quartz.core.JobRunShell]Job DEFAULT.QuartzJob threw an unhandled Exception: 
java.lang.NullPointerException
	at com.sys.controller.diamondsutra.DiamondsutraController.updateRestDays(DiamondsutraController.java:310)
	at com.sys.timetask.CountdownTask.execute(CountdownTask.java:20)
	at org.quartz.core.JobRunShell.run(JobRunShell.java:202)
	at org.quartz.simpl.SimpleThreadPool$WorkerThread.run(SimpleThreadPool.java:525)
[ERROR][2016-08-15 23:20:00,035][org.quartz.core.ErrorLogger]Job (DEFAULT.QuartzJob threw an exception.
org.quartz.SchedulerException: Job threw an unhandled exception. [See nested exception: java.lang.NullPointerException]
	at org.quartz.core.JobRunShell.run(JobRunShell.java:213)
	at org.quartz.simpl.SimpleThreadPool$WorkerThread.run(SimpleThreadPool.java:525)
Caused by: java.lang.NullPointerException
	at com.sys.controller.diamondsutra.DiamondsutraController.updateRestDays(DiamondsutraController.java:310)
	at com.sys.timetask.CountdownTask.execute(CountdownTask.java:20)
	at org.quartz.core.JobRunShell.run(JobRunShell.java:202)
	... 1 more
[INFO][2016-08-16 14:33:24,654][org.jeecgframework.codegenerate.generate.CodeGenerate]----jeecg---Code----Generation----[单表模型:continuouslight]------- 生成中。。。
[INFO][2016-08-16 14:33:26,394][org.jeecgframework.codegenerate.generate.CodeGenerate]----jeecg----Code----Generation-----[单表模型：continuouslight]------ 生成完成。。。
[INFO][2016-08-17 10:26:49,605][org.jeecgframework.codegenerate.generate.CodeGenerate]----jeecg---Code----Generation----[单表模型:gongzhai]------- 生成中。。。
[INFO][2016-08-17 10:26:52,586][org.jeecgframework.codegenerate.generate.CodeGenerate]----jeecg----Code----Generation-----[单表模型：gongzhai]------ 生成完成。。。
[INFO][2016-10-03 14:54:22,896][org.jeecgframework.codegenerate.generate.CodeGenerate]----jeecg---Code----Generation----[单表模型:attendance]------- 生成中。。。
[INFO][2016-10-03 14:54:24,255][org.jeecgframework.codegenerate.generate.CodeGenerate]----jeecg----Code----Generation-----[单表模型：attendance]------ 生成完成。。。
[INFO][2016-10-09 15:10:56,838][org.jeecgframework.codegenerate.generate.CodeGenerate]----jeecg---Code----Generation----[单表模型:Morningpforr]------- 生成中。。。
[INFO][2016-10-09 15:10:58,498][org.jeecgframework.codegenerate.generate.CodeGenerate]----jeecg----Code----Generation-----[单表模型：Morningpforr]------ 生成完成。。。
[INFO][2016-10-10 15:47:36,300][org.jeecgframework.codegenerate.generate.CodeGenerate]----jeecg---Code----Generation----[单表模型:eveningpfor]------- 生成中。。。
[INFO][2016-10-10 15:47:37,872][org.jeecgframework.codegenerate.generate.CodeGenerate]----jeecg----Code----Generation-----[单表模型：eveningpfor]------ 生成完成。。。
[INFO][2016-10-10 15:49:51,736][org.jeecgframework.codegenerate.generate.CodeGenerate]----jeecg---Code----Generation----[单表模型:eveningpforr]------- 生成中。。。
[INFO][2016-10-10 15:49:53,178][org.jeecgframework.codegenerate.generate.CodeGenerate]----jeecg----Code----Generation-----[单表模型：eveningpforr]------ 生成完成。。。
[INFO][2016-10-10 16:48:01,705][org.jeecgframework.codegenerate.generate.CodeGenerate]----jeecg---Code----Generation----[单表模型:prayguanyin]------- 生成中。。。
[INFO][2016-10-10 16:48:03,261][org.jeecgframework.codegenerate.generate.CodeGenerate]----jeecg----Code----Generation-----[单表模型：prayguanyin]------ 生成完成。。。
[INFO][2016-10-18 18:18:57,337][org.jeecgframework.codegenerate.generate.CodeGenerate]----jeecg---Code----Generation----[单表模型:repertory]------- 生成中。。。
[INFO][2016-10-18 18:18:58,803][org.jeecgframework.codegenerate.generate.CodeGenerate]----jeecg----Code----Generation-----[单表模型：repertory]------ 生成完成。。。
[INFO][2016-10-18 18:42:51,294][org.jeecgframework.codegenerate.generate.CodeGenerate]----jeecg---Code----Generation----[单表模型:warehousing_detail]------- 生成中。。。
[INFO][2016-10-18 18:42:52,681][org.jeecgframework.codegenerate.generate.CodeGenerate]----jeecg----Code----Generation-----[单表模型：warehousing_detail]------ 生成完成。。。
[INFO][2016-10-18 18:50:39,571][org.jeecgframework.codegenerate.generate.CodeGenerate]----jeecg---Code----Generation----[单表模型:delivery_detail]------- 生成中。。。
[INFO][2016-10-18 18:50:41,046][org.jeecgframework.codegenerate.generate.CodeGenerate]----jeecg----Code----Generation-----[单表模型：delivery_detail]------ 生成完成。。。
[INFO][2016-11-02 09:05:37,818][org.jeecgframework.codegenerate.generate.CodeGenerate]----jeecg---Code----Generation----[单表模型:funeralheld]------- 生成中。。。
[INFO][2016-11-02 09:05:39,271][org.jeecgframework.codegenerate.generate.CodeGenerate]----jeecg----Code----Generation-----[单表模型：funeralheld]------ 生成完成。。。
[INFO][2016-11-07 16:00:26,638][org.jeecgframework.codegenerate.generate.CodeGenerate]----jeecg---Code----Generation----[单表模型:receiptNo]------- 生成中。。。
[INFO][2016-11-07 16:00:27,693][org.jeecgframework.codegenerate.generate.CodeGenerate]----jeecg----Code----Generation-----[单表模型：receiptNo]------ 生成完成。。。
[INFO][2016-11-07 16:04:20,772][org.jeecgframework.codegenerate.generate.CodeGenerate]----jeecg---Code----Generation----[单表模型:receiptno]------- 生成中。。。
[INFO][2016-11-07 16:04:21,732][org.jeecgframework.codegenerate.generate.CodeGenerate]----jeecg----Code----Generation-----[单表模型：receiptno]------ 生成完成。。。
[INFO][2017-03-09 09:32:21,510][org.jeecgframework.codegenerate.generate.CodeGenerate]----jeecg---Code----Generation----[单表模型:m_info]------- 生成中。。。
[INFO][2017-03-09 09:32:23,115][org.jeecgframework.codegenerate.generate.CodeGenerate]----jeecg----Code----Generation-----[单表模型：m_info]------ 生成完成。。。
[INFO][2017-03-09 09:51:55,837][org.jeecgframework.codegenerate.generate.CodeGenerate]----jeecg---Code----Generation----[单表模型:m_info]------- 生成中。。。
[INFO][2017-03-09 09:51:57,209][org.jeecgframework.codegenerate.generate.CodeGenerate]----jeecg----Code----Generation-----[单表模型：m_info]------ 生成完成。。。
[INFO][2017-03-10 10:09:45,630][org.jeecgframework.codegenerate.generate.CodeGenerate]----jeecg---Code----Generation----[单表模型:memorial_tablet]------- 生成中。。。
[INFO][2017-03-10 10:09:46,376][org.jeecgframework.codegenerate.generate.CodeGenerate]----jeecg----Code----Generation-----[单表模型：memorial_tablet]------ 生成完成。。。
[INFO][2017-04-24 10:12:03,192][org.jeecgframework.codegenerate.generate.CodeGenerate]----jeecg---Code----Generation----[单表模型:tmp_wenshu]------- 生成中。。。
[INFO][2017-04-24 10:12:05,052][org.jeecgframework.codegenerate.generate.CodeGenerate]----jeecg----Code----Generation-----[单表模型：tmp_wenshu]------ 生成完成。。。
[ERROR][2017-04-25 20:15:35,207][freemarker.runtime]Template processing error: "Expression address is undefined on line 3, column 15835 in wenshu1.xml."

Expression address is undefined on line 3, column 15835 in wenshu1.xml.
The problematic instruction:
----------
==> ${address} [on line 3, column 15833 in wenshu1.xml]
----------

Java backtrace for programmers:
----------
freemarker.core.InvalidReferenceException: Expression address is undefined on line 3, column 15835 in wenshu1.xml.
	at freemarker.core.TemplateObject.assertNonNull(TemplateObject.java:125)
	at freemarker.core.Expression.getStringValue(Expression.java:118)
	at freemarker.core.Expression.getStringValue(Expression.java:93)
	at freemarker.core.DollarVariable.accept(DollarVariable.java:76)
	at freemarker.core.Environment.visit(Environment.java:221)
	at freemarker.core.MixedContent.accept(MixedContent.java:92)
	at freemarker.core.Environment.visit(Environment.java:221)
	at freemarker.core.Environment.process(Environment.java:199)
	at freemarker.template.Template.process(Template.java:259)
	at test.test.main(test.java:40)
[ERROR][2017-04-25 20:21:40,753][freemarker.runtime]Template processing error: "Expression address is undefined on line 3, column 15835 in wenshu1.xml."

Expression address is undefined on line 3, column 15835 in wenshu1.xml.
The problematic instruction:
----------
==> ${address} [on line 3, column 15833 in wenshu1.xml]
----------

Java backtrace for programmers:
----------
freemarker.core.InvalidReferenceException: Expression address is undefined on line 3, column 15835 in wenshu1.xml.
	at freemarker.core.TemplateObject.assertNonNull(TemplateObject.java:125)
	at freemarker.core.Expression.getStringValue(Expression.java:118)
	at freemarker.core.Expression.getStringValue(Expression.java:93)
	at freemarker.core.DollarVariable.accept(DollarVariable.java:76)
	at freemarker.core.Environment.visit(Environment.java:221)
	at freemarker.core.MixedContent.accept(MixedContent.java:92)
	at freemarker.core.Environment.visit(Environment.java:221)
	at freemarker.core.Environment.process(Environment.java:199)
	at freemarker.template.Template.process(Template.java:259)
	at test.test.main(test.java:40)
[ERROR][2017-04-25 20:25:05,642][freemarker.runtime]Template processing error: "Expression address is undefined on line 3, column 15259 in wenshu1.xml."

Expression address is undefined on line 3, column 15259 in wenshu1.xml.
The problematic instruction:
----------
==> ${address} [on line 3, column 15257 in wenshu1.xml]
----------

Java backtrace for programmers:
----------
freemarker.core.InvalidReferenceException: Expression address is undefined on line 3, column 15259 in wenshu1.xml.
	at freemarker.core.TemplateObject.assertNonNull(TemplateObject.java:125)
	at freemarker.core.Expression.getStringValue(Expression.java:118)
	at freemarker.core.Expression.getStringValue(Expression.java:93)
	at freemarker.core.DollarVariable.accept(DollarVariable.java:76)
	at freemarker.core.Environment.visit(Environment.java:221)
	at freemarker.core.MixedContent.accept(MixedContent.java:92)
	at freemarker.core.Environment.visit(Environment.java:221)
	at freemarker.core.Environment.process(Environment.java:199)
	at freemarker.template.Template.process(Template.java:259)
	at test.test.main(test.java:40)
[ERROR][2017-04-25 20:28:51,230][freemarker.runtime]Template processing error: "Expression addess is undefined on line 3, column 15259 in wenshu1.xml."

Expression addess is undefined on line 3, column 15259 in wenshu1.xml.
The problematic instruction:
----------
==> ${addess} [on line 3, column 15257 in wenshu1.xml]
----------

Java backtrace for programmers:
----------
freemarker.core.InvalidReferenceException: Expression addess is undefined on line 3, column 15259 in wenshu1.xml.
	at freemarker.core.TemplateObject.assertNonNull(TemplateObject.java:125)
	at freemarker.core.Expression.getStringValue(Expression.java:118)
	at freemarker.core.Expression.getStringValue(Expression.java:93)
	at freemarker.core.DollarVariable.accept(DollarVariable.java:76)
	at freemarker.core.Environment.visit(Environment.java:221)
	at freemarker.core.MixedContent.accept(MixedContent.java:92)
	at freemarker.core.Environment.visit(Environment.java:221)
	at freemarker.core.Environment.process(Environment.java:199)
	at freemarker.template.Template.process(Template.java:259)
	at test.test.main(test.java:40)
[ERROR][2017-04-25 20:33:13,463][freemarker.runtime]Template processing error: "Expression address is undefined on line 3, column 15259 in wenshu1.xml."

Expression address is undefined on line 3, column 15259 in wenshu1.xml.
The problematic instruction:
----------
==> ${address} [on line 3, column 15257 in wenshu1.xml]
----------

Java backtrace for programmers:
----------
freemarker.core.InvalidReferenceException: Expression address is undefined on line 3, column 15259 in wenshu1.xml.
	at freemarker.core.TemplateObject.assertNonNull(TemplateObject.java:125)
	at freemarker.core.Expression.getStringValue(Expression.java:118)
	at freemarker.core.Expression.getStringValue(Expression.java:93)
	at freemarker.core.DollarVariable.accept(DollarVariable.java:76)
	at freemarker.core.Environment.visit(Environment.java:221)
	at freemarker.core.MixedContent.accept(MixedContent.java:92)
	at freemarker.core.Environment.visit(Environment.java:221)
	at freemarker.core.Environment.process(Environment.java:199)
	at freemarker.template.Template.process(Template.java:259)
	at test.test.main(test.java:40)
[ERROR][2017-04-25 20:49:29,040][freemarker.runtime]Template processing error: "Expression address is undefined on line 3, column 15264 in wenshu1.xml."

Expression address is undefined on line 3, column 15264 in wenshu1.xml.
The problematic instruction:
----------
==> ${address} [on line 3, column 15262 in wenshu1.xml]
----------

Java backtrace for programmers:
----------
freemarker.core.InvalidReferenceException: Expression address is undefined on line 3, column 15264 in wenshu1.xml.
	at freemarker.core.TemplateObject.assertNonNull(TemplateObject.java:125)
	at freemarker.core.Expression.getStringValue(Expression.java:118)
	at freemarker.core.Expression.getStringValue(Expression.java:93)
	at freemarker.core.DollarVariable.accept(DollarVariable.java:76)
	at freemarker.core.Environment.visit(Environment.java:221)
	at freemarker.core.MixedContent.accept(MixedContent.java:92)
	at freemarker.core.Environment.visit(Environment.java:221)
	at freemarker.core.Environment.process(Environment.java:199)
	at freemarker.template.Template.process(Template.java:259)
	at test.test.main(test.java:40)
[ERROR][2017-04-25 20:52:07,703][freemarker.runtime]Template processing error: "Expression address is undefined on line 3, column 16140 in wenshu1.xml."

Expression address is undefined on line 3, column 16140 in wenshu1.xml.
The problematic instruction:
----------
==> ${address} [on line 3, column 16138 in wenshu1.xml]
----------

Java backtrace for programmers:
----------
freemarker.core.InvalidReferenceException: Expression address is undefined on line 3, column 16140 in wenshu1.xml.
	at freemarker.core.TemplateObject.assertNonNull(TemplateObject.java:125)
	at freemarker.core.Expression.getStringValue(Expression.java:118)
	at freemarker.core.Expression.getStringValue(Expression.java:93)
	at freemarker.core.DollarVariable.accept(DollarVariable.java:76)
	at freemarker.core.Environment.visit(Environment.java:221)
	at freemarker.core.MixedContent.accept(MixedContent.java:92)
	at freemarker.core.Environment.visit(Environment.java:221)
	at freemarker.core.Environment.process(Environment.java:199)
	at freemarker.template.Template.process(Template.java:259)
	at test.test.main(test.java:40)
[ERROR][2017-04-25 20:53:38,738][freemarker.runtime]Template processing error: "on line 3, column 16138 in wenshu1.xml tag not found."

on line 3, column 16138 in wenshu1.xml tag not found.
The problematic instruction:
----------
==> user-directive tag [on line 3, column 16138 in wenshu1.xml]
----------

Java backtrace for programmers:
----------
freemarker.core.InvalidReferenceException: on line 3, column 16138 in wenshu1.xml tag not found.
	at freemarker.core.UnifiedCall.accept(UnifiedCall.java:134)
	at freemarker.core.Environment.visit(Environment.java:221)
	at freemarker.core.MixedContent.accept(MixedContent.java:92)
	at freemarker.core.Environment.visit(Environment.java:221)
	at freemarker.core.Environment.process(Environment.java:199)
	at freemarker.template.Template.process(Template.java:259)
	at test.test.main(test.java:40)
[ERROR][2017-04-25 20:56:19,196][freemarker.runtime]Template processing error: "Expression test is undefined on line 54, column 3 in test.xml."

Expression test is undefined on line 54, column 3 in test.xml.
The problematic instruction:
----------
==> ${test} [on line 54, column 1 in test.xml]
----------

Java backtrace for programmers:
----------
freemarker.core.InvalidReferenceException: Expression test is undefined on line 54, column 3 in test.xml.
	at freemarker.core.TemplateObject.assertNonNull(TemplateObject.java:125)
	at freemarker.core.Expression.getStringValue(Expression.java:118)
	at freemarker.core.Expression.getStringValue(Expression.java:93)
	at freemarker.core.DollarVariable.accept(DollarVariable.java:76)
	at freemarker.core.Environment.visit(Environment.java:221)
	at freemarker.core.MixedContent.accept(MixedContent.java:92)
	at freemarker.core.Environment.visit(Environment.java:221)
	at freemarker.core.Environment.process(Environment.java:199)
	at freemarker.template.Template.process(Template.java:259)
	at test.test.main(test.java:40)
[ERROR][2017-04-25 21:00:40,528][freemarker.runtime]Template processing error: "Expression repres.test2 is undefined on line 131, column 8 in test.xml."

Expression repres.test2 is undefined on line 131, column 8 in test.xml.
The problematic instruction:
----------
==> ${repres.test2} [on line 131, column 6 in test.xml]
----------

Java backtrace for programmers:
----------
freemarker.core.InvalidReferenceException: Expression repres.test2 is undefined on line 131, column 8 in test.xml.
	at freemarker.core.TemplateObject.assertNonNull(TemplateObject.java:125)
	at freemarker.core.Expression.getStringValue(Expression.java:118)
	at freemarker.core.Expression.getStringValue(Expression.java:93)
	at freemarker.core.DollarVariable.accept(DollarVariable.java:76)
	at freemarker.core.Environment.visit(Environment.java:221)
	at freemarker.core.MixedContent.accept(MixedContent.java:92)
	at freemarker.core.Environment.visit(Environment.java:221)
	at freemarker.core.IteratorBlock$Context.runLoop(IteratorBlock.java:179)
	at freemarker.core.Environment.visit(Environment.java:428)
	at freemarker.core.IteratorBlock.accept(IteratorBlock.java:102)
	at freemarker.core.Environment.visit(Environment.java:221)
	at freemarker.core.MixedContent.accept(MixedContent.java:92)
	at freemarker.core.Environment.visit(Environment.java:221)
	at freemarker.core.Environment.process(Environment.java:199)
	at freemarker.template.Template.process(Template.java:259)
	at test.test.main(test.java:40)
[ERROR][2017-04-25 21:10:37,799][freemarker.runtime]Template processing error: "Expression address is undefined on line 3, column 5885 in wenshu2.xml."

Expression address is undefined on line 3, column 5885 in wenshu2.xml.
The problematic instruction:
----------
==> ${address} [on line 3, column 5883 in wenshu2.xml]
----------

Java backtrace for programmers:
----------
freemarker.core.InvalidReferenceException: Expression address is undefined on line 3, column 5885 in wenshu2.xml.
	at freemarker.core.TemplateObject.assertNonNull(TemplateObject.java:125)
	at freemarker.core.Expression.getStringValue(Expression.java:118)
	at freemarker.core.Expression.getStringValue(Expression.java:93)
	at freemarker.core.DollarVariable.accept(DollarVariable.java:76)
	at freemarker.core.Environment.visit(Environment.java:221)
	at freemarker.core.MixedContent.accept(MixedContent.java:92)
	at freemarker.core.Environment.visit(Environment.java:221)
	at freemarker.core.Environment.process(Environment.java:199)
	at freemarker.template.Template.process(Template.java:259)
	at test.test.main(test.java:41)
[ERROR][2017-04-25 21:17:07,977][freemarker.runtime]Template processing error: "Expression address is undefined on line 3, column 5885 in wenshu2.xml."

Expression address is undefined on line 3, column 5885 in wenshu2.xml.
The problematic instruction:
----------
==> ${address} [on line 3, column 5883 in wenshu2.xml]
----------

Java backtrace for programmers:
----------
freemarker.core.InvalidReferenceException: Expression address is undefined on line 3, column 5885 in wenshu2.xml.
	at freemarker.core.TemplateObject.assertNonNull(TemplateObject.java:125)
	at freemarker.core.Expression.getStringValue(Expression.java:118)
	at freemarker.core.Expression.getStringValue(Expression.java:93)
	at freemarker.core.DollarVariable.accept(DollarVariable.java:76)
	at freemarker.core.Environment.visit(Environment.java:221)
	at freemarker.core.MixedContent.accept(MixedContent.java:92)
	at freemarker.core.Environment.visit(Environment.java:221)
	at freemarker.core.Environment.process(Environment.java:199)
	at freemarker.template.Template.process(Template.java:259)
	at test.test.main(test.java:41)
[ERROR][2017-04-25 21:17:48,354][freemarker.runtime]Template processing error: "Expression address is undefined on line 3, column 5885 in wenshu2.xml."

Expression address is undefined on line 3, column 5885 in wenshu2.xml.
The problematic instruction:
----------
==> ${address} [on line 3, column 5883 in wenshu2.xml]
----------

Java backtrace for programmers:
----------
freemarker.core.InvalidReferenceException: Expression address is undefined on line 3, column 5885 in wenshu2.xml.
	at freemarker.core.TemplateObject.assertNonNull(TemplateObject.java:125)
	at freemarker.core.Expression.getStringValue(Expression.java:118)
	at freemarker.core.Expression.getStringValue(Expression.java:93)
	at freemarker.core.DollarVariable.accept(DollarVariable.java:76)
	at freemarker.core.Environment.visit(Environment.java:221)
	at freemarker.core.MixedContent.accept(MixedContent.java:92)
	at freemarker.core.Environment.visit(Environment.java:221)
	at freemarker.core.Environment.process(Environment.java:199)
	at freemarker.template.Template.process(Template.java:259)
	at test.test.main(test.java:36)
[ERROR][2017-04-25 21:28:58,839][freemarker.runtime]Template processing error: "Expression test1 is undefined on line 17, column 8 in wenshu2.xml."

Expression test1 is undefined on line 17, column 8 in wenshu2.xml.
The problematic instruction:
----------
==> ${test1} [on line 17, column 6 in wenshu2.xml]
----------

Java backtrace for programmers:
----------
freemarker.core.InvalidReferenceException: Expression test1 is undefined on line 17, column 8 in wenshu2.xml.
	at freemarker.core.TemplateObject.assertNonNull(TemplateObject.java:125)
	at freemarker.core.Expression.getStringValue(Expression.java:118)
	at freemarker.core.Expression.getStringValue(Expression.java:93)
	at freemarker.core.DollarVariable.accept(DollarVariable.java:76)
	at freemarker.core.Environment.visit(Environment.java:221)
	at freemarker.core.MixedContent.accept(MixedContent.java:92)
	at freemarker.core.Environment.visit(Environment.java:221)
	at freemarker.core.Environment.process(Environment.java:199)
	at freemarker.template.Template.process(Template.java:259)
	at test.test.main(test.java:36)
[ERROR][2017-04-26 16:00:44,328][freemarker.runtime]Template processing error: "Expression name8 is undefined on line 3, column 5402 in wenshu8.ftl."

Expression name8 is undefined on line 3, column 5402 in wenshu8.ftl.
The problematic instruction:
----------
==> ${name8} [on line 3, column 5400 in wenshu8.ftl]
----------

Java backtrace for programmers:
----------
freemarker.core.InvalidReferenceException: Expression name8 is undefined on line 3, column 5402 in wenshu8.ftl.
	at freemarker.core.TemplateObject.assertNonNull(TemplateObject.java:125)
	at freemarker.core.Expression.getStringValue(Expression.java:118)
	at freemarker.core.Expression.getStringValue(Expression.java:93)
	at freemarker.core.DollarVariable.accept(DollarVariable.java:76)
	at freemarker.core.Environment.visit(Environment.java:221)
	at freemarker.core.MixedContent.accept(MixedContent.java:92)
	at freemarker.core.Environment.visit(Environment.java:221)
	at freemarker.core.Environment.process(Environment.java:199)
	at freemarker.template.Template.process(Template.java:259)
	at test.test1.createDoc(test1.java:99)
	at test.test1.main(test1.java:146)
[ERROR][2017-04-30 09:41:48,509][freemarker.runtime]Template processing error: "Expression prayingobj1 is undefined on line 3, column 11090 in wenshuRealeaseModel.ftl."

Expression prayingobj1 is undefined on line 3, column 11090 in wenshuRealeaseModel.ftl.
The problematic instruction:
----------
==> ${prayingobj1} [on line 3, column 11088 in wenshuRealeaseModel.ftl]
----------

Java backtrace for programmers:
----------
freemarker.core.InvalidReferenceException: Expression prayingobj1 is undefined on line 3, column 11090 in wenshuRealeaseModel.ftl.
	at freemarker.core.TemplateObject.assertNonNull(TemplateObject.java:125)
	at freemarker.core.Expression.getStringValue(Expression.java:118)
	at freemarker.core.Expression.getStringValue(Expression.java:93)
	at freemarker.core.DollarVariable.accept(DollarVariable.java:76)
	at freemarker.core.Environment.visit(Environment.java:221)
	at freemarker.core.MixedContent.accept(MixedContent.java:92)
	at freemarker.core.Environment.visit(Environment.java:221)
	at freemarker.core.Environment.process(Environment.java:199)
	at freemarker.template.Template.process(Template.java:259)
	at test.test1.createDoc(test1.java:103)
	at test.test1.main(test1.java:191)
[ERROR][2017-04-30 09:44:42,392][freemarker.runtime]Template processing error: "Expression name1 is undefined on line 3, column 24257 in wenshuRealeaseModel.ftl."

Expression name1 is undefined on line 3, column 24257 in wenshuRealeaseModel.ftl.
The problematic instruction:
----------
==> ${name1} [on line 3, column 24255 in wenshuRealeaseModel.ftl]
----------

Java backtrace for programmers:
----------
freemarker.core.InvalidReferenceException: Expression name1 is undefined on line 3, column 24257 in wenshuRealeaseModel.ftl.
	at freemarker.core.TemplateObject.assertNonNull(TemplateObject.java:125)
	at freemarker.core.Expression.getStringValue(Expression.java:118)
	at freemarker.core.Expression.getStringValue(Expression.java:93)
	at freemarker.core.DollarVariable.accept(DollarVariable.java:76)
	at freemarker.core.Environment.visit(Environment.java:221)
	at freemarker.core.MixedContent.accept(MixedContent.java:92)
	at freemarker.core.Environment.visit(Environment.java:221)
	at freemarker.core.Environment.process(Environment.java:199)
	at freemarker.template.Template.process(Template.java:259)
	at test.test1.createDoc(test1.java:103)
	at test.test1.main(test1.java:191)
